-------------------------------------------------------------------------------
Test set: management.AccountManagementTest
-------------------------------------------------------------------------------
Tests run: 1, Failures: 0, Errors: 1, Skipped: 0, Time elapsed: 0.036 s <<< FAILURE! - in management.AccountManagementTest
management.AccountManagementTest  Time elapsed: 0.034 s  <<< ERROR!
java.lang.ExceptionInInitializerError
	at management.AccountManagementTest.<clinit>(AccountManagementTest.java:1)

