<?xml version="1.0" encoding="UTF-8"?>
<testsuite xmlns:xsi="http://www.w3.org/2001/XMLSchema-instance" xsi:noNamespaceSchemaLocation="https://maven.apache.org/surefire/maven-surefire-plugin/xsd/surefire-test-report.xsd" name="management.AccountManagementTest" time="0.004" tests="1" errors="1" skipped="0" failures="0">
  <properties>
[...]
</properties>
  <testcase name="management.AccountManagementTest" classname="management.AccountManagementTest" time="0.003">
    <error message="@BeforeAll method &apos;public void management.AccountManagementTest.setUpClass()&apos; must be static unless the test class is annotated with @TestInstance(Lifecycle.PER_CLASS)." type="org.junit.platform.commons.JUnitException">org.junit.platform.commons.JUnitException: @BeforeAll method 'public void management.AccountManagementTest.setUpClass()' must be static unless the test class is annotated with @TestInstance(Lifecycle.PER_CLASS).
</error>
  </testcase>
</testsuite>